[2025-07-26T06:09:47.524+0000] {local_task_job_runner.py:120} INFO - ::group::Pre task execution logs
[2025-07-26T06:09:47.743+0000] {taskinstance.py:2076} INFO - Dependencies all met for dep_context=non-requeueable deps ti=<TaskInstance: sample_ETL.load_inventory_from_mongo manual__2025-07-26T06:09:42.039350+00:00 [queued]>
[2025-07-26T06:09:47.787+0000] {taskinstance.py:2076} INFO - Dependencies all met for dep_context=requeueable deps ti=<TaskInstance: sample_ETL.load_inventory_from_mongo manual__2025-07-26T06:09:42.039350+00:00 [queued]>
[2025-07-26T06:09:47.788+0000] {taskinstance.py:2306} INFO - Starting attempt 1 of 1
[2025-07-26T06:09:47.903+0000] {taskinstance.py:2330} INFO - Executing <Task(PythonOperator): load_inventory_from_mongo> on 2025-07-26 06:09:42.039350+00:00
[2025-07-26T06:09:47.931+0000] {logging_mixin.py:188} WARNING - /home/***/.local/lib/python3.12/site-packages/***/task/task_runner/standard_task_runner.py:61 DeprecationWarning: This process (pid=68) is multi-threaded, use of fork() may lead to deadlocks in the child.
[2025-07-26T06:09:47.935+0000] {standard_task_runner.py:63} INFO - Started process 69 to run task
[2025-07-26T06:09:47.934+0000] {standard_task_runner.py:90} INFO - Running: ['***', 'tasks', 'run', 'sample_ETL', 'load_inventory_from_mongo', 'manual__2025-07-26T06:09:42.039350+00:00', '--job-id', '58', '--raw', '--subdir', 'DAGS_FOLDER/sample_ETL.py', '--cfg-path', '/tmp/tmp1ifp8e2t']
[2025-07-26T06:09:47.942+0000] {standard_task_runner.py:91} INFO - Job 58: Subtask load_inventory_from_mongo
[2025-07-26T06:09:48.200+0000] {logging_mixin.py:188} WARNING - /home/***/.local/lib/python3.12/site-packages/***/settings.py:195 DeprecationWarning: The sql_alchemy_conn option in [core] has been moved to the sql_alchemy_conn option in [database] - the old setting has been used, but please update your config.
[2025-07-26T06:09:48.417+0000] {task_command.py:426} INFO - Running <TaskInstance: sample_ETL.load_inventory_from_mongo manual__2025-07-26T06:09:42.039350+00:00 [running]> on host 0d20e4fb6b68
[2025-07-26T06:09:48.916+0000] {taskinstance.py:2648} INFO - Exporting env vars: AIRFLOW_CTX_DAG_OWNER='***' AIRFLOW_CTX_DAG_ID='sample_ETL' AIRFLOW_CTX_TASK_ID='load_inventory_from_mongo' AIRFLOW_CTX_EXECUTION_DATE='2025-07-26T06:09:42.039350+00:00' AIRFLOW_CTX_TRY_NUMBER='1' AIRFLOW_CTX_DAG_RUN_ID='manual__2025-07-26T06:09:42.039350+00:00'
[2025-07-26T06:09:48.919+0000] {taskinstance.py:430} INFO - ::endgroup::
[2025-07-26T06:09:48.976+0000] {logging_mixin.py:188} INFO - ✅ [script1] Dummy inventory load function called
[2025-07-26T06:09:48.977+0000] {python.py:237} INFO - Done. Returned value was: None
[2025-07-26T06:09:48.978+0000] {taskinstance.py:441} INFO - ::group::Post task execution logs
[2025-07-26T06:09:49.034+0000] {taskinstance.py:1206} INFO - Marking task as SUCCESS. dag_id=sample_ETL, task_id=load_inventory_from_mongo, run_id=manual__2025-07-26T06:09:42.039350+00:00, execution_date=20250726T060942, start_date=20250726T060947, end_date=20250726T060949
[2025-07-26T06:09:49.120+0000] {local_task_job_runner.py:240} INFO - Task exited with return code 0
[2025-07-26T06:09:49.218+0000] {taskinstance.py:3498} INFO - 1 downstream tasks scheduled from follow-on schedule check
[2025-07-26T06:09:49.241+0000] {local_task_job_runner.py:222} INFO - ::endgroup::
