[2025-07-26T13:19:19.326+0000] {local_task_job_runner.py:120} INFO - ::group::Pre task execution logs
[2025-07-26T13:19:19.597+0000] {taskinstance.py:2076} INFO - Dependencies all met for dep_context=non-requeueable deps ti=<TaskInstance: sample_ETL.process_final_logic manual__2025-07-26T13:18:35.449704+00:00 [queued]>
[2025-07-26T13:19:19.611+0000] {taskinstance.py:2076} INFO - Dependencies all met for dep_context=requeueable deps ti=<TaskInstance: sample_ETL.process_final_logic manual__2025-07-26T13:18:35.449704+00:00 [queued]>
[2025-07-26T13:19:19.612+0000] {taskinstance.py:2306} INFO - Starting attempt 1 of 1
[2025-07-26T13:19:19.659+0000] {taskinstance.py:2330} INFO - Executing <Task(PythonOperator): process_final_logic> on 2025-07-26 13:18:35.449704+00:00
[2025-07-26T13:19:19.672+0000] {logging_mixin.py:188} WARNING - /home/***/.local/lib/python3.12/site-packages/***/task/task_runner/standard_task_runner.py:61 DeprecationWarning: This process (pid=119) is multi-threaded, use of fork() may lead to deadlocks in the child.
[2025-07-26T13:19:19.675+0000] {standard_task_runner.py:63} INFO - Started process 123 to run task
[2025-07-26T13:19:19.674+0000] {standard_task_runner.py:90} INFO - Running: ['***', 'tasks', 'run', 'sample_ETL', 'process_final_logic', 'manual__2025-07-26T13:18:35.449704+00:00', '--job-id', '89', '--raw', '--subdir', 'DAGS_FOLDER/sample_ETL.py', '--cfg-path', '/tmp/tmp9vz9l4qh']
[2025-07-26T13:19:19.678+0000] {standard_task_runner.py:91} INFO - Job 89: Subtask process_final_logic
[2025-07-26T13:19:19.759+0000] {logging_mixin.py:188} WARNING - /home/***/.local/lib/python3.12/site-packages/***/settings.py:195 DeprecationWarning: The sql_alchemy_conn option in [core] has been moved to the sql_alchemy_conn option in [database] - the old setting has been used, but please update your config.
[2025-07-26T13:19:19.882+0000] {task_command.py:426} INFO - Running <TaskInstance: sample_ETL.process_final_logic manual__2025-07-26T13:18:35.449704+00:00 [running]> on host 88b2e53952eb
[2025-07-26T13:19:20.181+0000] {taskinstance.py:2648} INFO - Exporting env vars: AIRFLOW_CTX_DAG_OWNER='***' AIRFLOW_CTX_DAG_ID='sample_ETL' AIRFLOW_CTX_TASK_ID='process_final_logic' AIRFLOW_CTX_EXECUTION_DATE='2025-07-26T13:18:35.449704+00:00' AIRFLOW_CTX_TRY_NUMBER='1' AIRFLOW_CTX_DAG_RUN_ID='manual__2025-07-26T13:18:35.449704+00:00'
[2025-07-26T13:19:20.183+0000] {taskinstance.py:430} INFO - ::endgroup::
[2025-07-26T13:19:20.285+0000] {logging_mixin.py:188} INFO - Inserted 124 rows into masterdata.
[2025-07-26T13:19:20.342+0000] {logging_mixin.py:188} INFO - Updated 73 rows in inventory.
[2025-07-26T13:19:20.355+0000] {logging_mixin.py:188} INFO - process_final_logic execution completed successfully.
[2025-07-26T13:19:20.356+0000] {python.py:237} INFO - Done. Returned value was: None
[2025-07-26T13:19:20.359+0000] {taskinstance.py:441} INFO - ::group::Post task execution logs
[2025-07-26T13:19:20.409+0000] {taskinstance.py:1206} INFO - Marking task as SUCCESS. dag_id=sample_ETL, task_id=process_final_logic, run_id=manual__2025-07-26T13:18:35.449704+00:00, execution_date=20250726T131835, start_date=20250726T131919, end_date=20250726T131920
[2025-07-26T13:19:20.453+0000] {local_task_job_runner.py:240} INFO - Task exited with return code 0
[2025-07-26T13:19:20.511+0000] {taskinstance.py:3498} INFO - 0 downstream tasks scheduled from follow-on schedule check
[2025-07-26T13:19:20.514+0000] {local_task_job_runner.py:222} INFO - ::endgroup::
