[2025-07-25T21:07:14.657+0000] {local_task_job_runner.py:120} INFO - ::group::Pre task execution logs
[2025-07-25T21:07:15.103+0000] {taskinstance.py:2076} INFO - Dependencies all met for dep_context=non-requeueable deps ti=<TaskInstance: sample_ETL.load_inventory_from_mongo manual__2025-07-25T21:07:04.673260+00:00 [queued]>
[2025-07-25T21:07:15.172+0000] {taskinstance.py:2076} INFO - Dependencies all met for dep_context=requeueable deps ti=<TaskInstance: sample_ETL.load_inventory_from_mongo manual__2025-07-25T21:07:04.673260+00:00 [queued]>
[2025-07-25T21:07:15.176+0000] {taskinstance.py:2306} INFO - Starting attempt 1 of 1
[2025-07-25T21:07:15.297+0000] {taskinstance.py:2330} INFO - Executing <Task(PythonOperator): load_inventory_from_mongo> on 2025-07-25 21:07:04.673260+00:00
[2025-07-25T21:07:15.385+0000] {logging_mixin.py:188} WARNING - /home/***/.local/lib/python3.12/site-packages/***/task/task_runner/standard_task_runner.py:61 DeprecationWarning: This process (pid=218) is multi-threaded, use of fork() may lead to deadlocks in the child.
[2025-07-25T21:07:15.405+0000] {standard_task_runner.py:63} INFO - Started process 219 to run task
[2025-07-25T21:07:15.388+0000] {standard_task_runner.py:90} INFO - Running: ['***', 'tasks', 'run', 'sample_ETL', 'load_inventory_from_mongo', 'manual__2025-07-25T21:07:04.673260+00:00', '--job-id', '52', '--raw', '--subdir', 'DAGS_FOLDER/sample_ETL.py', '--cfg-path', '/tmp/tmpc7cfjzbl']
[2025-07-25T21:07:15.409+0000] {standard_task_runner.py:91} INFO - Job 52: Subtask load_inventory_from_mongo
[2025-07-25T21:07:15.988+0000] {logging_mixin.py:188} WARNING - /home/***/.local/lib/python3.12/site-packages/***/settings.py:195 DeprecationWarning: The sql_alchemy_conn option in [core] has been moved to the sql_alchemy_conn option in [database] - the old setting has been used, but please update your config.
[2025-07-25T21:07:16.473+0000] {task_command.py:426} INFO - Running <TaskInstance: sample_ETL.load_inventory_from_mongo manual__2025-07-25T21:07:04.673260+00:00 [running]> on host 9f2231592208
[2025-07-25T21:07:17.551+0000] {taskinstance.py:2648} INFO - Exporting env vars: AIRFLOW_CTX_DAG_OWNER='***' AIRFLOW_CTX_DAG_ID='sample_ETL' AIRFLOW_CTX_TASK_ID='load_inventory_from_mongo' AIRFLOW_CTX_EXECUTION_DATE='2025-07-25T21:07:04.673260+00:00' AIRFLOW_CTX_TRY_NUMBER='1' AIRFLOW_CTX_DAG_RUN_ID='manual__2025-07-25T21:07:04.673260+00:00'
[2025-07-25T21:07:17.562+0000] {taskinstance.py:430} INFO - ::endgroup::
[2025-07-25T21:07:17.878+0000] {logging_mixin.py:188} INFO - ✅ [script1] Dummy inventory load function called
[2025-07-25T21:07:17.879+0000] {python.py:237} INFO - Done. Returned value was: None
[2025-07-25T21:07:17.883+0000] {taskinstance.py:441} INFO - ::group::Post task execution logs
[2025-07-25T21:07:18.018+0000] {taskinstance.py:1206} INFO - Marking task as SUCCESS. dag_id=sample_ETL, task_id=load_inventory_from_mongo, run_id=manual__2025-07-25T21:07:04.673260+00:00, execution_date=20250725T210704, start_date=20250725T210715, end_date=20250725T210718
[2025-07-25T21:07:18.131+0000] {local_task_job_runner.py:240} INFO - Task exited with return code 0
[2025-07-25T21:07:18.388+0000] {taskinstance.py:3498} INFO - 1 downstream tasks scheduled from follow-on schedule check
[2025-07-25T21:07:18.422+0000] {local_task_job_runner.py:222} INFO - ::endgroup::
