[2025-07-26T07:36:56.795+0000] {local_task_job_runner.py:120} INFO - ::group::Pre task execution logs
[2025-07-26T07:36:56.883+0000] {taskinstance.py:2076} INFO - Dependencies all met for dep_context=non-requeueable deps ti=<TaskInstance: sample_ETL.process_final_logic manual__2025-07-26T07:36:09.898134+00:00 [queued]>
[2025-07-26T07:36:56.899+0000] {taskinstance.py:2076} INFO - Dependencies all met for dep_context=requeueable deps ti=<TaskInstance: sample_ETL.process_final_logic manual__2025-07-26T07:36:09.898134+00:00 [queued]>
[2025-07-26T07:36:56.900+0000] {taskinstance.py:2306} INFO - Starting attempt 1 of 1
[2025-07-26T07:36:56.937+0000] {taskinstance.py:2330} INFO - Executing <Task(PythonOperator): process_final_logic> on 2025-07-26 07:36:09.898134+00:00
[2025-07-26T07:36:56.949+0000] {logging_mixin.py:188} WARNING - /home/***/.local/lib/python3.12/site-packages/***/task/task_runner/standard_task_runner.py:61 DeprecationWarning: This process (pid=115) is multi-threaded, use of fork() may lead to deadlocks in the child.
[2025-07-26T07:36:56.951+0000] {standard_task_runner.py:63} INFO - Started process 116 to run task
[2025-07-26T07:36:56.950+0000] {standard_task_runner.py:90} INFO - Running: ['***', 'tasks', 'run', 'sample_ETL', 'process_final_logic', 'manual__2025-07-26T07:36:09.898134+00:00', '--job-id', '63', '--raw', '--subdir', 'DAGS_FOLDER/sample_ETL.py', '--cfg-path', '/tmp/tmp5u20bjk9']
[2025-07-26T07:36:56.953+0000] {standard_task_runner.py:91} INFO - Job 63: Subtask process_final_logic
[2025-07-26T07:36:57.082+0000] {logging_mixin.py:188} WARNING - /home/***/.local/lib/python3.12/site-packages/***/settings.py:195 DeprecationWarning: The sql_alchemy_conn option in [core] has been moved to the sql_alchemy_conn option in [database] - the old setting has been used, but please update your config.
[2025-07-26T07:36:57.218+0000] {task_command.py:426} INFO - Running <TaskInstance: sample_ETL.process_final_logic manual__2025-07-26T07:36:09.898134+00:00 [running]> on host 3ee771baa9ca
[2025-07-26T07:36:57.578+0000] {taskinstance.py:2648} INFO - Exporting env vars: AIRFLOW_CTX_DAG_OWNER='***' AIRFLOW_CTX_DAG_ID='sample_ETL' AIRFLOW_CTX_TASK_ID='process_final_logic' AIRFLOW_CTX_EXECUTION_DATE='2025-07-26T07:36:09.898134+00:00' AIRFLOW_CTX_TRY_NUMBER='1' AIRFLOW_CTX_DAG_RUN_ID='manual__2025-07-26T07:36:09.898134+00:00'
[2025-07-26T07:36:57.580+0000] {taskinstance.py:430} INFO - ::endgroup::
[2025-07-26T07:36:57.600+0000] {logging_mixin.py:188} INFO - ✅ [script3] Dummy final logic processing function called
[2025-07-26T07:36:57.601+0000] {python.py:237} INFO - Done. Returned value was: None
[2025-07-26T07:36:57.602+0000] {taskinstance.py:441} INFO - ::group::Post task execution logs
[2025-07-26T07:36:57.650+0000] {taskinstance.py:1206} INFO - Marking task as SUCCESS. dag_id=sample_ETL, task_id=process_final_logic, run_id=manual__2025-07-26T07:36:09.898134+00:00, execution_date=20250726T073609, start_date=20250726T073656, end_date=20250726T073657
[2025-07-26T07:36:57.728+0000] {local_task_job_runner.py:240} INFO - Task exited with return code 0
[2025-07-26T07:36:57.797+0000] {taskinstance.py:3498} INFO - 0 downstream tasks scheduled from follow-on schedule check
[2025-07-26T07:36:57.800+0000] {local_task_job_runner.py:222} INFO - ::endgroup::
