[2025-07-25T19:02:32.873+0000] {local_task_job_runner.py:120} INFO - ::group::Pre task execution logs
[2025-07-25T19:02:33.360+0000] {taskinstance.py:2076} INFO - Dependencies all met for dep_context=non-requeueable deps ti=<TaskInstance: sample_ETL.load_inventory_from_mongo manual__2025-07-25T19:02:22.142451+00:00 [queued]>
[2025-07-25T19:02:33.397+0000] {taskinstance.py:2076} INFO - Dependencies all met for dep_context=requeueable deps ti=<TaskInstance: sample_ETL.load_inventory_from_mongo manual__2025-07-25T19:02:22.142451+00:00 [queued]>
[2025-07-25T19:02:33.398+0000] {taskinstance.py:2306} INFO - Starting attempt 1 of 1
[2025-07-25T19:02:33.505+0000] {taskinstance.py:2330} INFO - Executing <Task(PythonOperator): load_inventory_from_mongo> on 2025-07-25 19:02:22.142451+00:00
[2025-07-25T19:02:33.531+0000] {standard_task_runner.py:90} INFO - Running: ['***', 'tasks', 'run', 'sample_ETL', 'load_inventory_from_mongo', 'manual__2025-07-25T19:02:22.142451+00:00', '--job-id', '36', '--raw', '--subdir', 'DAGS_FOLDER/sample_ETL.py', '--cfg-path', '/tmp/tmpzqazz633']
[2025-07-25T19:02:33.545+0000] {standard_task_runner.py:91} INFO - Job 36: Subtask load_inventory_from_mongo
[2025-07-25T19:02:33.563+0000] {logging_mixin.py:188} WARNING - /home/***/.local/lib/python3.12/site-packages/***/task/task_runner/standard_task_runner.py:61 DeprecationWarning: This process (pid=258) is multi-threaded, use of fork() may lead to deadlocks in the child.
[2025-07-25T19:02:33.568+0000] {standard_task_runner.py:63} INFO - Started process 259 to run task
[2025-07-25T19:02:34.062+0000] {logging_mixin.py:188} WARNING - /home/***/.local/lib/python3.12/site-packages/***/settings.py:195 DeprecationWarning: The sql_alchemy_conn option in [core] has been moved to the sql_alchemy_conn option in [database] - the old setting has been used, but please update your config.
[2025-07-25T19:02:34.433+0000] {task_command.py:426} INFO - Running <TaskInstance: sample_ETL.load_inventory_from_mongo manual__2025-07-25T19:02:22.142451+00:00 [running]> on host b82b78e918d5
[2025-07-25T19:02:35.644+0000] {taskinstance.py:2648} INFO - Exporting env vars: AIRFLOW_CTX_DAG_OWNER='***' AIRFLOW_CTX_DAG_ID='sample_ETL' AIRFLOW_CTX_TASK_ID='load_inventory_from_mongo' AIRFLOW_CTX_EXECUTION_DATE='2025-07-25T19:02:22.142451+00:00' AIRFLOW_CTX_TRY_NUMBER='1' AIRFLOW_CTX_DAG_RUN_ID='manual__2025-07-25T19:02:22.142451+00:00'
[2025-07-25T19:02:35.652+0000] {taskinstance.py:430} INFO - ::endgroup::
[2025-07-25T19:02:35.813+0000] {logging_mixin.py:188} INFO - ✅ [script1] Dummy inventory load function called
[2025-07-25T19:02:35.814+0000] {python.py:237} INFO - Done. Returned value was: None
[2025-07-25T19:02:35.816+0000] {taskinstance.py:441} INFO - ::group::Post task execution logs
[2025-07-25T19:02:35.898+0000] {taskinstance.py:1206} INFO - Marking task as SUCCESS. dag_id=sample_ETL, task_id=load_inventory_from_mongo, run_id=manual__2025-07-25T19:02:22.142451+00:00, execution_date=20250725T190222, start_date=20250725T190233, end_date=20250725T190235
[2025-07-25T19:02:36.017+0000] {local_task_job_runner.py:240} INFO - Task exited with return code 0
[2025-07-25T19:02:36.162+0000] {taskinstance.py:3498} INFO - 1 downstream tasks scheduled from follow-on schedule check
[2025-07-25T19:02:36.184+0000] {local_task_job_runner.py:222} INFO - ::endgroup::
