[2025-07-26T15:06:32.543+0000] {local_task_job_runner.py:120} INFO - ::group::Pre task execution logs
[2025-07-26T15:06:32.836+0000] {taskinstance.py:2076} INFO - Dependencies all met for dep_context=non-requeueable deps ti=<TaskInstance: sample_ETL.load_inventory_from_mongo manual__2025-07-26T15:06:30.006850+00:00 [queued]>
[2025-07-26T15:06:32.848+0000] {taskinstance.py:2076} INFO - Dependencies all met for dep_context=requeueable deps ti=<TaskInstance: sample_ETL.load_inventory_from_mongo manual__2025-07-26T15:06:30.006850+00:00 [queued]>
[2025-07-26T15:06:32.849+0000] {taskinstance.py:2306} INFO - Starting attempt 1 of 1
[2025-07-26T15:06:32.934+0000] {taskinstance.py:2330} INFO - Executing <Task(PythonOperator): load_inventory_from_mongo> on 2025-07-26 15:06:30.006850+00:00
[2025-07-26T15:06:32.947+0000] {logging_mixin.py:188} WARNING - /home/***/.local/lib/python3.12/site-packages/***/task/task_runner/standard_task_runner.py:61 DeprecationWarning: This process (pid=64) is multi-threaded, use of fork() may lead to deadlocks in the child.
[2025-07-26T15:06:32.949+0000] {standard_task_runner.py:63} INFO - Started process 68 to run task
[2025-07-26T15:06:32.949+0000] {standard_task_runner.py:90} INFO - Running: ['***', 'tasks', 'run', 'sample_ETL', 'load_inventory_from_mongo', 'manual__2025-07-26T15:06:30.006850+00:00', '--job-id', '94', '--raw', '--subdir', 'DAGS_FOLDER/sample_ETL.py', '--cfg-path', '/tmp/tmp7nn806c3']
[2025-07-26T15:06:32.953+0000] {standard_task_runner.py:91} INFO - Job 94: Subtask load_inventory_from_mongo
[2025-07-26T15:06:33.035+0000] {logging_mixin.py:188} WARNING - /home/***/.local/lib/python3.12/site-packages/***/settings.py:195 DeprecationWarning: The sql_alchemy_conn option in [core] has been moved to the sql_alchemy_conn option in [database] - the old setting has been used, but please update your config.
[2025-07-26T15:06:33.151+0000] {task_command.py:426} INFO - Running <TaskInstance: sample_ETL.load_inventory_from_mongo manual__2025-07-26T15:06:30.006850+00:00 [running]> on host 88b2e53952eb
[2025-07-26T15:06:33.440+0000] {taskinstance.py:2648} INFO - Exporting env vars: AIRFLOW_CTX_DAG_OWNER='***' AIRFLOW_CTX_DAG_ID='sample_ETL' AIRFLOW_CTX_TASK_ID='load_inventory_from_mongo' AIRFLOW_CTX_EXECUTION_DATE='2025-07-26T15:06:30.006850+00:00' AIRFLOW_CTX_TRY_NUMBER='1' AIRFLOW_CTX_DAG_RUN_ID='manual__2025-07-26T15:06:30.006850+00:00'
[2025-07-26T15:06:33.443+0000] {taskinstance.py:430} INFO - ::endgroup::
[2025-07-26T15:06:33.467+0000] {logging_mixin.py:188} INFO - 🚀 Starting inventory load from MongoDB
[2025-07-26T15:06:33.470+0000] {logging_mixin.py:188} WARNING - /home/***/.local/lib/python3.12/site-packages/pymongo/_csot.py:125 UserWarning: MongoClient opened before fork. May not be entirely fork-safe, proceed with caution. See PyMongo's documentation for details: https://dochub.mongodb.org/core/pymongo-fork-deadlock
[2025-07-26T15:06:33.516+0000] {logging_mixin.py:188} INFO - 📦 Found 101 records in MongoDB inventory
[2025-07-26T15:06:33.588+0000] {logging_mixin.py:188} INFO - ✅ Inserted 101 inventory records into MySQL
[2025-07-26T15:06:33.593+0000] {logging_mixin.py:188} INFO - ✅ Task1 of ETL Inventory load completed
[2025-07-26T15:06:33.594+0000] {python.py:237} INFO - Done. Returned value was: None
[2025-07-26T15:06:33.595+0000] {taskinstance.py:441} INFO - ::group::Post task execution logs
[2025-07-26T15:06:33.642+0000] {taskinstance.py:1206} INFO - Marking task as SUCCESS. dag_id=sample_ETL, task_id=load_inventory_from_mongo, run_id=manual__2025-07-26T15:06:30.006850+00:00, execution_date=20250726T150630, start_date=20250726T150632, end_date=20250726T150633
[2025-07-26T15:06:33.688+0000] {local_task_job_runner.py:240} INFO - Task exited with return code 0
[2025-07-26T15:06:33.815+0000] {taskinstance.py:3498} INFO - 0 downstream tasks scheduled from follow-on schedule check
[2025-07-26T15:06:33.818+0000] {local_task_job_runner.py:222} INFO - ::endgroup::
