[2025-07-25T20:02:17.951+0000] {local_task_job_runner.py:120} INFO - ::group::Pre task execution logs
[2025-07-25T20:02:18.136+0000] {taskinstance.py:2076} INFO - Dependencies all met for dep_context=non-requeueable deps ti=<TaskInstance: sample_ETL.load_inventory_from_mongo manual__2025-07-25T20:02:09.306245+00:00 [queued]>
[2025-07-25T20:02:18.154+0000] {taskinstance.py:2076} INFO - Dependencies all met for dep_context=requeueable deps ti=<TaskInstance: sample_ETL.load_inventory_from_mongo manual__2025-07-25T20:02:09.306245+00:00 [queued]>
[2025-07-25T20:02:18.155+0000] {taskinstance.py:2306} INFO - Starting attempt 1 of 1
[2025-07-25T20:02:18.216+0000] {taskinstance.py:2330} INFO - Executing <Task(PythonOperator): load_inventory_from_mongo> on 2025-07-25 20:02:09.306245+00:00
[2025-07-25T20:02:18.227+0000] {standard_task_runner.py:90} INFO - Running: ['***', 'tasks', 'run', 'sample_ETL', 'load_inventory_from_mongo', 'manual__2025-07-25T20:02:09.306245+00:00', '--job-id', '45', '--raw', '--subdir', 'DAGS_FOLDER/sample_ETL.py', '--cfg-path', '/tmp/tmpyhhd99ad']
[2025-07-25T20:02:18.231+0000] {standard_task_runner.py:91} INFO - Job 45: Subtask load_inventory_from_mongo
[2025-07-25T20:02:18.234+0000] {logging_mixin.py:188} WARNING - /home/***/.local/lib/python3.12/site-packages/***/task/task_runner/standard_task_runner.py:61 DeprecationWarning: This process (pid=239) is multi-threaded, use of fork() may lead to deadlocks in the child.
[2025-07-25T20:02:18.235+0000] {standard_task_runner.py:63} INFO - Started process 250 to run task
[2025-07-25T20:02:18.363+0000] {logging_mixin.py:188} WARNING - /home/***/.local/lib/python3.12/site-packages/***/settings.py:195 DeprecationWarning: The sql_alchemy_conn option in [core] has been moved to the sql_alchemy_conn option in [database] - the old setting has been used, but please update your config.
[2025-07-25T20:02:18.562+0000] {task_command.py:426} INFO - Running <TaskInstance: sample_ETL.load_inventory_from_mongo manual__2025-07-25T20:02:09.306245+00:00 [running]> on host 9d522913c5f5
[2025-07-25T20:02:19.409+0000] {taskinstance.py:2648} INFO - Exporting env vars: AIRFLOW_CTX_DAG_OWNER='***' AIRFLOW_CTX_DAG_ID='sample_ETL' AIRFLOW_CTX_TASK_ID='load_inventory_from_mongo' AIRFLOW_CTX_EXECUTION_DATE='2025-07-25T20:02:09.306245+00:00' AIRFLOW_CTX_TRY_NUMBER='1' AIRFLOW_CTX_DAG_RUN_ID='manual__2025-07-25T20:02:09.306245+00:00'
[2025-07-25T20:02:19.412+0000] {taskinstance.py:430} INFO - ::endgroup::
[2025-07-25T20:02:19.697+0000] {logging_mixin.py:188} INFO - ✅ [script1] Dummy inventory load function called
[2025-07-25T20:02:19.698+0000] {python.py:237} INFO - Done. Returned value was: None
[2025-07-25T20:02:19.699+0000] {taskinstance.py:441} INFO - ::group::Post task execution logs
[2025-07-25T20:02:19.755+0000] {taskinstance.py:1206} INFO - Marking task as SUCCESS. dag_id=sample_ETL, task_id=load_inventory_from_mongo, run_id=manual__2025-07-25T20:02:09.306245+00:00, execution_date=20250725T200209, start_date=20250725T200218, end_date=20250725T200219
[2025-07-25T20:02:19.862+0000] {local_task_job_runner.py:240} INFO - Task exited with return code 0
[2025-07-25T20:02:19.988+0000] {taskinstance.py:3498} INFO - 1 downstream tasks scheduled from follow-on schedule check
[2025-07-25T20:02:20.010+0000] {local_task_job_runner.py:222} INFO - ::endgroup::
