[2025-07-26T15:22:07.980+0000] {local_task_job_runner.py:120} INFO - ::group::Pre task execution logs
[2025-07-26T15:22:08.234+0000] {taskinstance.py:2076} INFO - Dependencies all met for dep_context=non-requeueable deps ti=<TaskInstance: sample_ETL.update_ordercycle_logic manual__2025-07-26T15:21:22.710871+00:00 [queued]>
[2025-07-26T15:22:08.247+0000] {taskinstance.py:2076} INFO - Dependencies all met for dep_context=requeueable deps ti=<TaskInstance: sample_ETL.update_ordercycle_logic manual__2025-07-26T15:21:22.710871+00:00 [queued]>
[2025-07-26T15:22:08.248+0000] {taskinstance.py:2306} INFO - Starting attempt 1 of 1
[2025-07-26T15:22:08.280+0000] {taskinstance.py:2330} INFO - Executing <Task(PythonOperator): update_ordercycle_logic> on 2025-07-26 15:21:22.710871+00:00
[2025-07-26T15:22:08.289+0000] {logging_mixin.py:188} WARNING - /home/***/.local/lib/python3.12/site-packages/***/task/task_runner/standard_task_runner.py:61 DeprecationWarning: This process (pid=111) is multi-threaded, use of fork() may lead to deadlocks in the child.
[2025-07-26T15:22:08.291+0000] {standard_task_runner.py:63} INFO - Started process 115 to run task
[2025-07-26T15:22:08.290+0000] {standard_task_runner.py:90} INFO - Running: ['***', 'tasks', 'run', 'sample_ETL', 'update_ordercycle_logic', 'manual__2025-07-26T15:21:22.710871+00:00', '--job-id', '103', '--raw', '--subdir', 'DAGS_FOLDER/sample_ETL.py', '--cfg-path', '/tmp/tmps4cljhd8']
[2025-07-26T15:22:08.293+0000] {standard_task_runner.py:91} INFO - Job 103: Subtask update_ordercycle_logic
[2025-07-26T15:22:08.372+0000] {logging_mixin.py:188} WARNING - /home/***/.local/lib/python3.12/site-packages/***/settings.py:195 DeprecationWarning: The sql_alchemy_conn option in [core] has been moved to the sql_alchemy_conn option in [database] - the old setting has been used, but please update your config.
[2025-07-26T15:22:08.490+0000] {task_command.py:426} INFO - Running <TaskInstance: sample_ETL.update_ordercycle_logic manual__2025-07-26T15:21:22.710871+00:00 [running]> on host 88b2e53952eb
[2025-07-26T15:22:08.759+0000] {taskinstance.py:2648} INFO - Exporting env vars: AIRFLOW_CTX_DAG_OWNER='***' AIRFLOW_CTX_DAG_ID='sample_ETL' AIRFLOW_CTX_TASK_ID='update_ordercycle_logic' AIRFLOW_CTX_EXECUTION_DATE='2025-07-26T15:21:22.710871+00:00' AIRFLOW_CTX_TRY_NUMBER='1' AIRFLOW_CTX_DAG_RUN_ID='manual__2025-07-26T15:21:22.710871+00:00'
[2025-07-26T15:22:08.761+0000] {taskinstance.py:430} INFO - ::endgroup::
[2025-07-26T15:22:08.865+0000] {logging_mixin.py:188} INFO - ✅ update_order_cycle_logic executed successfully.
[2025-07-26T15:22:08.868+0000] {python.py:237} INFO - Done. Returned value was: None
[2025-07-26T15:22:08.869+0000] {taskinstance.py:441} INFO - ::group::Post task execution logs
[2025-07-26T15:22:08.911+0000] {taskinstance.py:1206} INFO - Marking task as SUCCESS. dag_id=sample_ETL, task_id=update_ordercycle_logic, run_id=manual__2025-07-26T15:21:22.710871+00:00, execution_date=20250726T152122, start_date=20250726T152208, end_date=20250726T152208
[2025-07-26T15:22:08.948+0000] {local_task_job_runner.py:240} INFO - Task exited with return code 0
[2025-07-26T15:22:09.000+0000] {taskinstance.py:3498} INFO - 0 downstream tasks scheduled from follow-on schedule check
[2025-07-26T15:22:09.003+0000] {local_task_job_runner.py:222} INFO - ::endgroup::
