[2025-07-26T12:10:11.668+0000] {local_task_job_runner.py:120} INFO - ::group::Pre task execution logs
[2025-07-26T12:10:11.971+0000] {taskinstance.py:2076} INFO - Dependencies all met for dep_context=non-requeueable deps ti=<TaskInstance: sample_ETL.process_final_logic manual__2025-07-26T12:09:24.145453+00:00 [queued]>
[2025-07-26T12:10:11.989+0000] {taskinstance.py:2076} INFO - Dependencies all met for dep_context=requeueable deps ti=<TaskInstance: sample_ETL.process_final_logic manual__2025-07-26T12:09:24.145453+00:00 [queued]>
[2025-07-26T12:10:11.991+0000] {taskinstance.py:2306} INFO - Starting attempt 1 of 1
[2025-07-26T12:10:12.050+0000] {taskinstance.py:2330} INFO - Executing <Task(PythonOperator): process_final_logic> on 2025-07-26 12:09:24.145453+00:00
[2025-07-26T12:10:12.097+0000] {logging_mixin.py:188} WARNING - /home/***/.local/lib/python3.12/site-packages/***/task/task_runner/standard_task_runner.py:61 DeprecationWarning: This process (pid=177) is multi-threaded, use of fork() may lead to deadlocks in the child.
[2025-07-26T12:10:12.103+0000] {standard_task_runner.py:63} INFO - Started process 189 to run task
[2025-07-26T12:10:12.101+0000] {standard_task_runner.py:90} INFO - Running: ['***', 'tasks', 'run', 'sample_ETL', 'process_final_logic', 'manual__2025-07-26T12:09:24.145453+00:00', '--job-id', '81', '--raw', '--subdir', 'DAGS_FOLDER/sample_ETL.py', '--cfg-path', '/tmp/tmpmy6981nw']
[2025-07-26T12:10:12.113+0000] {standard_task_runner.py:91} INFO - Job 81: Subtask process_final_logic
[2025-07-26T12:10:12.457+0000] {logging_mixin.py:188} WARNING - /home/***/.local/lib/python3.12/site-packages/***/settings.py:195 DeprecationWarning: The sql_alchemy_conn option in [core] has been moved to the sql_alchemy_conn option in [database] - the old setting has been used, but please update your config.
[2025-07-26T12:10:12.648+0000] {task_command.py:426} INFO - Running <TaskInstance: sample_ETL.process_final_logic manual__2025-07-26T12:09:24.145453+00:00 [running]> on host 749540b58fec
[2025-07-26T12:10:12.955+0000] {taskinstance.py:2648} INFO - Exporting env vars: AIRFLOW_CTX_DAG_OWNER='***' AIRFLOW_CTX_DAG_ID='sample_ETL' AIRFLOW_CTX_TASK_ID='process_final_logic' AIRFLOW_CTX_EXECUTION_DATE='2025-07-26T12:09:24.145453+00:00' AIRFLOW_CTX_TRY_NUMBER='1' AIRFLOW_CTX_DAG_RUN_ID='manual__2025-07-26T12:09:24.145453+00:00'
[2025-07-26T12:10:12.957+0000] {taskinstance.py:430} INFO - ::endgroup::
[2025-07-26T12:10:12.973+0000] {logging_mixin.py:188} INFO - ✅ [script3] Dummy final logic processing function called
[2025-07-26T12:10:12.974+0000] {python.py:237} INFO - Done. Returned value was: None
[2025-07-26T12:10:12.975+0000] {taskinstance.py:441} INFO - ::group::Post task execution logs
[2025-07-26T12:10:13.017+0000] {taskinstance.py:1206} INFO - Marking task as SUCCESS. dag_id=sample_ETL, task_id=process_final_logic, run_id=manual__2025-07-26T12:09:24.145453+00:00, execution_date=20250726T120924, start_date=20250726T121011, end_date=20250726T121013
[2025-07-26T12:10:13.090+0000] {local_task_job_runner.py:240} INFO - Task exited with return code 0
[2025-07-26T12:10:13.161+0000] {taskinstance.py:3498} INFO - 0 downstream tasks scheduled from follow-on schedule check
[2025-07-26T12:10:13.164+0000] {local_task_job_runner.py:222} INFO - ::endgroup::
