[2025-07-25T13:20:22.899+0000] {local_task_job_runner.py:120} INFO - ::group::Pre task execution logs
[2025-07-25T13:20:22.979+0000] {taskinstance.py:2076} INFO - Dependencies all met for dep_context=non-requeueable deps ti=<TaskInstance: sample_ETL.process_final_logic manual__2025-07-25T13:20:05.043841+00:00 [queued]>
[2025-07-25T13:20:22.992+0000] {taskinstance.py:2076} INFO - Dependencies all met for dep_context=requeueable deps ti=<TaskInstance: sample_ETL.process_final_logic manual__2025-07-25T13:20:05.043841+00:00 [queued]>
[2025-07-25T13:20:22.993+0000] {taskinstance.py:2306} INFO - Starting attempt 1 of 1
[2025-07-25T13:20:23.037+0000] {taskinstance.py:2330} INFO - Executing <Task(PythonOperator): process_final_logic> on 2025-07-25 13:20:05.043841+00:00
[2025-07-25T13:20:23.056+0000] {logging_mixin.py:188} WARNING - /home/***/.local/lib/python3.12/site-packages/***/task/task_runner/standard_task_runner.py:61 DeprecationWarning: This process (pid=278) is multi-threaded, use of fork() may lead to deadlocks in the child.
[2025-07-25T13:20:23.060+0000] {standard_task_runner.py:63} INFO - Started process 279 to run task
[2025-07-25T13:20:23.056+0000] {standard_task_runner.py:90} INFO - Running: ['***', 'tasks', 'run', 'sample_ETL', 'process_final_logic', 'manual__2025-07-25T13:20:05.043841+00:00', '--job-id', '25', '--raw', '--subdir', 'DAGS_FOLDER/sample_ETL.py', '--cfg-path', '/tmp/tmp3xswhwgi']
[2025-07-25T13:20:23.061+0000] {standard_task_runner.py:91} INFO - Job 25: Subtask process_final_logic
[2025-07-25T13:20:23.171+0000] {logging_mixin.py:188} WARNING - /home/***/.local/lib/python3.12/site-packages/***/settings.py:195 DeprecationWarning: The sql_alchemy_conn option in [core] has been moved to the sql_alchemy_conn option in [database] - the old setting has been used, but please update your config.
[2025-07-25T13:20:23.397+0000] {task_command.py:426} INFO - Running <TaskInstance: sample_ETL.process_final_logic manual__2025-07-25T13:20:05.043841+00:00 [running]> on host de434969c7e0
[2025-07-25T13:20:23.792+0000] {taskinstance.py:2648} INFO - Exporting env vars: AIRFLOW_CTX_DAG_OWNER='***' AIRFLOW_CTX_DAG_ID='sample_ETL' AIRFLOW_CTX_TASK_ID='process_final_logic' AIRFLOW_CTX_EXECUTION_DATE='2025-07-25T13:20:05.043841+00:00' AIRFLOW_CTX_TRY_NUMBER='1' AIRFLOW_CTX_DAG_RUN_ID='manual__2025-07-25T13:20:05.043841+00:00'
[2025-07-25T13:20:23.793+0000] {taskinstance.py:430} INFO - ::endgroup::
[2025-07-25T13:20:23.823+0000] {logging_mixin.py:188} INFO - ✅ [script3] Dummy final logic processing function called
[2025-07-25T13:20:23.824+0000] {python.py:237} INFO - Done. Returned value was: None
[2025-07-25T13:20:23.825+0000] {taskinstance.py:441} INFO - ::group::Post task execution logs
[2025-07-25T13:20:23.911+0000] {taskinstance.py:1206} INFO - Marking task as SUCCESS. dag_id=sample_ETL, task_id=process_final_logic, run_id=manual__2025-07-25T13:20:05.043841+00:00, execution_date=20250725T132005, start_date=20250725T132022, end_date=20250725T132023
[2025-07-25T13:20:23.960+0000] {local_task_job_runner.py:240} INFO - Task exited with return code 0
[2025-07-25T13:20:24.031+0000] {taskinstance.py:3498} INFO - 0 downstream tasks scheduled from follow-on schedule check
[2025-07-25T13:20:24.034+0000] {local_task_job_runner.py:222} INFO - ::endgroup::
